[handleMsg]:  {
  key: {
    remoteJid: '5492615534440@s.whatsapp.net',
    fromMe: false,
    id: 'F8F350654952605ED0',
    participant: undefined
  },
  messageTimestamp: 1700748034,
  pushName: 'Mauro Perez',
  broadcast: false,
  message: Message {
    extendedTextMessage: ExtendedTextMessage { text: 'hola', contextInfo: [ContextInfo] },
    messageContextInfo: MessageContextInfo {
      deviceListMetadata: [DeviceListMetadata],
      deviceListMetadataVersion: 2
    }
  },
  body: 'hola',
  from: '5492615534440'
}
[QUEUE_SE_ENVIO]:  {
  ref: 'ans_ddbc79e6-abc2-4315-9661-c31a4129052f',
  keyword: 'key_3aa7e182-2b46-4f95-8383-2062474035d6',
  answer: 'Bienvenido',
  options: {
    media: null,
    buttons: [],
    capture: false,
    child: null,
    delay: 0,
    idle: null,
    ref: null,
    nested: [],
    keyword: {},
    callback: false
  },
  refSerialize: '86c23801875adcdd7d0a2d831121527f'
}
Error al encolar (ID ans_0764b70f-29bc-486e-8fd2-b72070d92bee): TypeError: Cannot read properties of undefined (reading 'answer')
    at D:\Curso de programacion\Proyecto\ChatBot Whatsapp\base-baileys-memory\node_modules\@bot-whatsapp\bot\lib\bundle.bot.cjs:1228:94
    at Object.ans_0764b70f-29bc-486e-8fd2-b72070d92bee (D:\Curso de programacion\Proyecto\ChatBot Whatsapp\base-baileys-memory\app.js:19:14)
    at runContext (D:\Curso de programacion\Proyecto\ChatBot Whatsapp\base-baileys-memory\node_modules\@bot-whatsapp\bot\lib\bundle.bot.cjs:1375:57)
    at cbEveryCtx (D:\Curso de programacion\Proyecto\ChatBot Whatsapp\base-baileys-memory\node_modules\@bot-whatsapp\bot\lib\bundle.bot.cjs:1401:19)
    at resolveCbEveryCtx (D:\Curso de programacion\Proyecto\ChatBot Whatsapp\base-baileys-memory\node_modules\@bot-whatsapp\bot\lib\bundle.bot.cjs:1332:23)
    at D:\Curso de programacion\Proyecto\ChatBot Whatsapp\base-baileys-memory\node_modules\@bot-whatsapp\bot\lib\bundle.bot.cjs:1184:33
    at async Object.promiseInFunc (D:\Curso de programacion\Proyecto\ChatBot Whatsapp\base-baileys-memory\node_modules\@bot-whatsapp\bot\lib\bundle.bot.cjs:1183:29)
    at async D:\Curso de programacion\Proyecto\ChatBot Whatsapp\base-baileys-memory\node_modules\@bot-whatsapp\bot\lib\bundle.bot.cjs:529:35
    at async Promise.allSettled (index 0)
    at async Queue.processQueue (D:\Curso de programacion\Proyecto\ChatBot Whatsapp\base-baileys-memory\node_modules\@bot-whatsapp\bot\lib\bundle.bot.cjs:547:13)
